Flow report for IC_Hackathon_Audio
Wed Feb 18 13:05:09 2026
Quartus Prime Version 24.1std.0 Build 1077 03/04/2025 SC Lite Edition


---------------------
; Table of Contents ;
---------------------
  1. Legal Notice
  2. Flow Summary
  3. Flow Settings
  4. Flow Non-Default Global Settings
  5. Flow Elapsed Time
  6. Flow OS Summary
  7. Flow Log
  8. Flow Messages
  9. Flow Suppressed Messages



----------------
; Legal Notice ;
----------------
Copyright (C) 2025  Altera Corporation. All rights reserved.
Your use of Altera Corporation's design tools, logic functions 
and other software and tools, and any partner logic 
functions, and any output files from any of the foregoing 
(including device programming or simulation files), and any 
associated documentation or information are expressly subject 
to the terms and conditions of the Altera Program License 
Subscription Agreement, the Altera Quartus Prime License Agreement,
the Altera IP License Agreement, or other applicable license
agreement, including, without limitation, that your use is for
the sole purpose of programming logic devices manufactured by
Altera and sold by Altera or its authorized distributors.  Please
refer to the Altera Software License Subscription Agreements 
on the Quartus Prime software download page.



+-----------------------------------------------------------------------------------+
; Flow Summary                                                                      ;
+---------------------------------+-------------------------------------------------+
; Flow Status                     ; Successful - Wed Feb 18 13:05:09 2026           ;
; Quartus Prime Version           ; 24.1std.0 Build 1077 03/04/2025 SC Lite Edition ;
; Revision Name                   ; IC_Hackathon_Audio                              ;
; Top-level Entity Name           ; de1soc_wrapper                                  ;
; Family                          ; Cyclone V                                       ;
; Device                          ; 5CSEMA5F31C6                                    ;
; Timing Models                   ; Final                                           ;
; Logic utilization (in ALMs)     ; 223 / 32,070 ( < 1 % )                          ;
; Total registers                 ; 374                                             ;
; Total pins                      ; 106 / 457 ( 23 % )                              ;
; Total virtual pins              ; 0                                               ;
; Total block memory bits         ; 16,384 / 4,065,280 ( < 1 % )                    ;
; Total DSP Blocks                ; 0 / 87 ( 0 % )                                  ;
; Total HSSI RX PCSs              ; 0                                               ;
; Total HSSI PMA RX Deserializers ; 0                                               ;
; Total HSSI TX PCSs              ; 0                                               ;
; Total HSSI PMA TX Serializers   ; 0                                               ;
; Total PLLs                      ; 1 / 6 ( 17 % )                                  ;
; Total DLLs                      ; 0 / 4 ( 0 % )                                   ;
+---------------------------------+-------------------------------------------------+


+-----------------------------------------+
; Flow Settings                           ;
+-------------------+---------------------+
; Option            ; Setting             ;
+-------------------+---------------------+
; Start date & time ; 02/18/2026 13:00:56 ;
; Main task         ; Compilation         ;
; Revision Name     ; IC_Hackathon_Audio  ;
+-------------------+---------------------+


+--------------------------------------------------------------------------------------------------------------------------------------------------------+
; Flow Non-Default Global Settings                                                                                                                       ;
+-------------------------------------+----------------------------------------+--------------------+----------------+-----------------------------------+
; Assignment Name                     ; Value                                  ; Default Value      ; Entity Name    ; Section Id                        ;
+-------------------------------------+----------------------------------------+--------------------+----------------+-----------------------------------+
; COMPILER_SIGNATURE_ID               ; 156659791100735.177143765603801        ; --                 ; --             ; --                                ;
; EDA_GENERATE_FUNCTIONAL_NETLIST     ; Off                                    ; --                 ; --             ; eda_board_design_timing           ;
; EDA_GENERATE_FUNCTIONAL_NETLIST     ; Off                                    ; --                 ; --             ; eda_board_design_boundary_scan    ;
; EDA_GENERATE_FUNCTIONAL_NETLIST     ; Off                                    ; --                 ; --             ; eda_board_design_signal_integrity ;
; EDA_GENERATE_FUNCTIONAL_NETLIST     ; Off                                    ; --                 ; --             ; eda_board_design_symbol           ;
; EDA_OUTPUT_DATA_FORMAT              ; Systemverilog Hdl                      ; --                 ; --             ; eda_simulation                    ;
; EDA_SIMULATION_TOOL                 ; Questa Intel FPGA (SystemVerilog)      ; <None>             ; --             ; --                                ;
; EDA_TIME_SCALE                      ; 1 ps                                   ; --                 ; --             ; eda_simulation                    ;
; MAX_CORE_JUNCTION_TEMP              ; 85                                     ; --                 ; --             ; --                                ;
; MIN_CORE_JUNCTION_TEMP              ; 0                                      ; --                 ; --             ; --                                ;
; PARTITION_COLOR                     ; -- (Not supported for targeted family) ; --                 ; de1soc_wrapper ; Top                               ;
; PARTITION_FITTER_PRESERVATION_LEVEL ; -- (Not supported for targeted family) ; --                 ; de1soc_wrapper ; Top                               ;
; PARTITION_NETLIST_TYPE              ; -- (Not supported for targeted family) ; --                 ; de1soc_wrapper ; Top                               ;
; POWER_BOARD_THERMAL_MODEL           ; None (CONSERVATIVE)                    ; --                 ; --             ; --                                ;
; POWER_PRESET_COOLING_SOLUTION       ; 23 MM HEAT SINK WITH 200 LFPM AIRFLOW  ; --                 ; --             ; --                                ;
; PROJECT_OUTPUT_DIRECTORY            ; output_files                           ; --                 ; --             ; --                                ;
; TOP_LEVEL_ENTITY                    ; de1soc_wrapper                         ; IC_Hackathon_Audio ; --             ; --                                ;
+-------------------------------------+----------------------------------------+--------------------+----------------+-----------------------------------+


+--------------------------------------------------------------------------------------------------------------------------+
; Flow Elapsed Time                                                                                                        ;
+----------------------+--------------+-------------------------+---------------------+------------------------------------+
; Module Name          ; Elapsed Time ; Average Processors Used ; Peak Virtual Memory ; Total CPU Time (on all processors) ;
+----------------------+--------------+-------------------------+---------------------+------------------------------------+
; Analysis & Synthesis ; 00:00:22     ; 1.0                     ; 805 MB              ; 00:00:33                           ;
; Fitter               ; 00:03:14     ; 1.0                     ; 2248 MB             ; 00:04:09                           ;
; Assembler            ; 00:00:10     ; 1.0                     ; 851 MB              ; 00:00:10                           ;
; Timing Analyzer      ; 00:00:12     ; 1.5                     ; 1196 MB             ; 00:00:13                           ;
; EDA Netlist Writer   ; 00:00:03     ; 1.0                     ; 1108 MB             ; 00:00:02                           ;
; Total                ; 00:04:01     ; --                      ; --                  ; 00:05:07                           ;
+----------------------+--------------+-------------------------+---------------------+------------------------------------+


+------------------------------------------------------------------------------------------+
; Flow OS Summary                                                                          ;
+----------------------+------------------+------------------+------------+----------------+
; Module Name          ; Machine Hostname ; OS Name          ; OS Version ; Processor type ;
+----------------------+------------------+------------------+------------+----------------+
; Analysis & Synthesis ; debian           ; Debian GNU/Linux ; 13         ; x86_64         ;
; Fitter               ; debian           ; Debian GNU/Linux ; 13         ; x86_64         ;
; Assembler            ; debian           ; Debian GNU/Linux ; 13         ; x86_64         ;
; Timing Analyzer      ; debian           ; Debian GNU/Linux ; 13         ; x86_64         ;
; EDA Netlist Writer   ; debian           ; Debian GNU/Linux ; 13         ; x86_64         ;
+----------------------+------------------+------------------+------------+----------------+


------------
; Flow Log ;
------------
quartus_map --read_settings_files=on --write_settings_files=off IC_Hackathon_Audio -c IC_Hackathon_Audio
quartus_fit --read_settings_files=off --write_settings_files=off IC_Hackathon_Audio -c IC_Hackathon_Audio
quartus_asm --read_settings_files=off --write_settings_files=off IC_Hackathon_Audio -c IC_Hackathon_Audio
quartus_sta IC_Hackathon_Audio -c IC_Hackathon_Audio
quartus_eda --read_settings_files=off --write_settings_files=off IC_Hackathon_Audio -c IC_Hackathon_Audio



